<?xml version="1.0" encoding="UTF-8"?>
<!-- Generated by org.testng.reporters.JUnitReportReporter -->
<testsuite hostname="LAPTOP-QKCURUKN" failures="0" tests="1" name="com.quantum.Homepage" time="6.276" errors="0" timestamp="2024-05-10T21:52:26 IST" skipped="0">
  <testcase classname="com.quantum.Homepage" name="GetStartedTab" time="6.276"/>
</testsuite> <!-- com.quantum.Homepage -->
