<?xml version="1.0" encoding="UTF-8"?>
<!-- Generated by org.testng.reporters.JUnitReportReporter -->
<testsuite hostname="LAPTOP-QKCURUKN" failures="0" tests="1" name="com.quantum.Homepage" time="6.333" errors="0" timestamp="2024-05-04T17:03:14 IST" skipped="0">
  <testcase classname="com.quantum.Homepage" name="DarkMode" time="6.333"/>
</testsuite> <!-- com.quantum.Homepage -->
