<?xml version="1.0" encoding="UTF-8"?>
<!-- Generated by org.testng.reporters.JUnitReportReporter -->
<testsuite hostname="LAPTOP-QKCURUKN" failures="0" tests="1" name="com.quantum.test" time="6.165" errors="0" timestamp="2024-08-09T14:10:49 IST" skipped="0">
  <testcase classname="com.quantum.test" name="testHomeLinkIsDisplayed" time="6.165"/>
</testsuite> <!-- com.quantum.test -->
