<?xml version="1.0" encoding="UTF-8"?>
<!-- Generated by org.testng.reporters.JUnitReportReporter -->
<testsuite hostname="LAPTOP-QKCURUKN" failures="0" tests="1" name="com.quantum.Homepage" time="3.169" errors="0" timestamp="2024-04-17T19:14:14 IST" skipped="0">
  <testcase classname="com.quantum.Homepage" name="HomepageVisibility" time="3.169"/>
</testsuite> <!-- com.quantum.Homepage -->
