<?xml version="1.0" encoding="UTF-8"?>
<!-- Generated by org.testng.reporters.JUnitReportReporter -->
<testsuite hostname="Saurabh" failures="0" tests="1" name="com.quantum.Homepage" time="3.825" errors="0" timestamp="2024-09-20T16:46:57 IST" skipped="0">
  <testcase classname="com.quantum.Homepage" name="VerifyLogo" time="3.825"/>
</testsuite> <!-- com.quantum.Homepage -->
